Copyright 1986-2020 Xilinx, Inc. All Rights Reserved.
------------------------------------------------------------------------------------
| Tool Version : Vivado v.2020.1 (win64) Build 2902540 Wed May 27 19:54:49 MDT 2020
| Date         : Wed Oct 15 00:28:33 2025
| Host         : Armando running 64-bit major release  (build 9200)
| Command      : upgrade_ip
| Device       : xc7z010clg400-1
------------------------------------------------------------------------------------

Upgrade Log for IP 'design_1_ruleta_0_0'

1. Summary
----------

SUCCESS in the upgrade of design_1_ruleta_0_0 (xilinx.com:user:ruleta:1.0) from (Rev. 4) to (Rev. 5)






Copyright 1986-2020 Xilinx, Inc. All Rights Reserved.
------------------------------------------------------------------------------------
| Tool Version : Vivado v.2020.1 (win64) Build 2902540 Wed May 27 19:54:49 MDT 2020
| Date         : Wed Oct 15 00:25:13 2025
| Host         : Armando running 64-bit major release  (build 9200)
| Command      : upgrade_ip
| Device       : xc7z010clg400-1
------------------------------------------------------------------------------------

Upgrade Log for IP 'design_1_apuesta_0_0'

1. Summary
----------

SUCCESS in the upgrade of design_1_apuesta_0_0 (xilinx.com:user:apuesta:1.0) from (Rev. 5) to (Rev. 6)






Copyright 1986-2020 Xilinx, Inc. All Rights Reserved.
------------------------------------------------------------------------------------
| Tool Version : Vivado v.2020.1 (win64) Build 2902540 Wed May 27 19:54:49 MDT 2020
| Date         : Wed Oct 15 00:20:33 2025
| Host         : Armando running 64-bit major release  (build 9200)
| Command      : upgrade_ip
| Device       : xc7z010clg400-1
------------------------------------------------------------------------------------

Upgrade Log for IP 'design_1_ruleta_0_0'

1. Summary
----------

SUCCESS in the upgrade of design_1_ruleta_0_0 (xilinx.com:user:ruleta:1.0) from (Rev. 3) to (Rev. 4)






Copyright 1986-2020 Xilinx, Inc. All Rights Reserved.
------------------------------------------------------------------------------------
| Tool Version : Vivado v.2020.1 (win64) Build 2902540 Wed May 27 19:54:49 MDT 2020
| Date         : Wed Oct 15 00:17:51 2025
| Host         : Armando running 64-bit major release  (build 9200)
| Command      : upgrade_ip
| Device       : xc7z010clg400-1
------------------------------------------------------------------------------------

Upgrade Log for IP 'design_1_apuesta_0_0'

1. Summary
----------

SUCCESS in the upgrade of design_1_apuesta_0_0 (xilinx.com:user:apuesta:1.0) from (Rev. 4) to (Rev. 5)






Copyright 1986-2020 Xilinx, Inc. All Rights Reserved.
------------------------------------------------------------------------------------
| Tool Version : Vivado v.2020.1 (win64) Build 2902540 Wed May 27 19:54:49 MDT 2020
| Date         : Wed Oct 15 00:15:23 2025
| Host         : Armando running 64-bit major release  (build 9200)
| Command      : upgrade_ip
| Device       : xc7z010clg400-1
------------------------------------------------------------------------------------

Upgrade Log for IP 'design_1_apuesta_0_0'

1. Summary
----------

SUCCESS in the conversion of design_1_apuesta_0_0 (xilinx.com:user:apuesta:1.0 (Rev. 4)) to Vivado generation flows.






Copyright 1986-2020 Xilinx, Inc. All Rights Reserved.
------------------------------------------------------------------------------------
| Tool Version : Vivado v.2020.1 (win64) Build 2902540 Wed May 27 19:54:49 MDT 2020
| Date         : Wed Oct 15 00:15:10 2025
| Host         : Armando running 64-bit major release  (build 9200)
| Command      : upgrade_ip
| Device       : xc7z010clg400-1
------------------------------------------------------------------------------------

Upgrade Log for IP 'design_1_apuesta_0_0'

1. Summary
----------

SUCCESS in the upgrade of design_1_apuesta_0_0 (xilinx.com:user:apuesta:1.0) from (Rev. 3) to (Rev. 4)






Copyright 1986-2020 Xilinx, Inc. All Rights Reserved.
------------------------------------------------------------------------------------
| Tool Version : Vivado v.2020.1 (win64) Build 2902540 Wed May 27 19:54:49 MDT 2020
| Date         : Wed Oct 15 00:09:40 2025
| Host         : Armando running 64-bit major release  (build 9200)
| Command      : upgrade_ip
| Device       : xc7z010clg400-1
------------------------------------------------------------------------------------

Upgrade Log for IP 'design_1_ruleta_0_0'

1. Summary
----------

CAUTION (success, with warnings) in the upgrade of design_1_ruleta_0_0 (xilinx.com:user:ruleta:1.0) from (Rev. 7) to (Rev. 3)

After upgrade, an IP may have parameter and port differences compared to the original customization. Please review the parameters within the IP customization GUI to ensure proper functionality. Also, please review the updated IP instantiation template to ensure proper connectivity, and update your design if required.

2. Connection Warnings
----------------------

Detected external port differences while upgrading 'design_1_ruleta_0_0'. These changes may impact your design.


-Upgrade has added port 'dbg_ram_din'

-Upgrade has added port 'dbg_ram_q'

-Upgrade has added port 'dbg_rot_enable'

-Upgrade has added port 'dbg_sel_delay'


3. Customization warnings
-------------------------

Parameter 'clk' is no longer present on the upgraded IP 'design_1_ruleta_0_0', and cannot be set to ''


4. Debug Commands
-----------------

  The following debug information can be passed to Vivado as Tcl commands,
in order to validate or debug the output of the upgrade flow.
  You may consult any warnings from within this upgrade, and alter or remove
the configuration parameter(s) which caused the warning; then execute the Tcl
commands, and use the IP Customization GUI to verify the IP configuration.

create_ip -vlnv xilinx.com:user:ruleta:1.0 -user_name design_1_ruleta_0_0
set_property -dict "\
  CONFIG.Component_Name {design_1_ruleta_0_0} \
  CONFIG.INIT_CYCLES {4} \
  CONFIG.clk.ASSOCIATED_BUSIF {} \
  CONFIG.clk.ASSOCIATED_RESET {} \
  CONFIG.clk.CLK_DOMAIN {} \
  CONFIG.clk.FREQ_HZ {} \
  CONFIG.clk.FREQ_TOLERANCE_HZ {0} \
  CONFIG.clk.INSERT_VIP {0} \
  CONFIG.clk.PHASE {0.000} " [get_ips design_1_ruleta_0_0]







Copyright 1986-2020 Xilinx, Inc. All Rights Reserved.
------------------------------------------------------------------------------------
| Tool Version : Vivado v.2020.1 (win64) Build 2902540 Wed May 27 19:54:49 MDT 2020
| Date         : Wed Oct 15 00:09:40 2025
| Host         : Armando running 64-bit major release  (build 9200)
| Command      : upgrade_ip
| Device       : xc7z010clg400-1
------------------------------------------------------------------------------------

Upgrade Log for IP 'design_1_apuesta_0_0'

1. Summary
----------

SUCCESS in the upgrade of design_1_apuesta_0_0 (xilinx.com:user:apuesta:1.0) from (Rev. 2) to (Rev. 3)

