
*** Running vivado
    with args -log design_1_rgb_rainbow_compact_0_0.vds -m64 -product Vivado -mode batch -messageDb vivado.pb -notrace -source design_1_rgb_rainbow_compact_0_0.tcl



****** Vivado v2020.1 (64-bit)
  **** SW Build 2902540 on Wed May 27 19:54:49 MDT 2020
  **** IP Build 2902112 on Wed May 27 22:43:36 MDT 2020
    ** Copyright 1986-2020 Xilinx, Inc. All Rights Reserved.

source design_1_rgb_rainbow_compact_0_0.tcl -notrace
INFO: [IP_Flow 19-234] Refreshing IP repositories
INFO: [IP_Flow 19-1700] Loaded user IP repository 'c:/Users/Karlsen/Desktop/SEP/ip_repo/rgb_rainbow_compact_1.0'.
INFO: [IP_Flow 19-1700] Loaded user IP repository 'c:/Users/Karlsen/Desktop/SEP/ip_repo/rgb_rainbow_1.0'.
INFO: [IP_Flow 19-1700] Loaded user IP repository 'c:/Users/Karlsen/Desktop/SEP/ip_repo/Rainbow_1.0'.
INFO: [IP_Flow 19-2313] Loaded Vivado IP repository 'C:/Xilinx/Vivado/2020.1/data/ip'.
Command: synth_design -top design_1_rgb_rainbow_compact_0_0 -part xc7z010clg400-1 -mode out_of_context
Starting synth_design
Attempting to get a license for feature 'Synthesis' and/or device 'xc7z010'
INFO: [Common 17-349] Got license for feature 'Synthesis' and/or device 'xc7z010'
INFO: [Device 21-403] Loading part xc7z010clg400-1
INFO: [Synth 8-7079] Multithreading enabled for synth_design using a maximum of 2 processes.
INFO: [Synth 8-7078] Launching helper process for spawning children vivado processes
INFO: [Synth 8-7075] Helper process launched with PID 8728
---------------------------------------------------------------------------------
Starting RTL Elaboration : Time (s): cpu = 00:00:06 ; elapsed = 00:00:06 . Memory (MB): peak = 1061.488 ; gain = 0.000
---------------------------------------------------------------------------------
INFO: [Synth 8-638] synthesizing module 'design_1_rgb_rainbow_compact_0_0' [c:/Users/Karlsen/Desktop/SEP/Rainbow/Rainbow.srcs/sources_1/bd/design_1/ip/design_1_rgb_rainbow_compact_0_0/synth/design_1_rgb_rainbow_compact_0_0.vhd:104]
	Parameter C_S00_AXI_ID_WIDTH bound to: 0 - type: integer 
	Parameter C_S00_AXI_DATA_WIDTH bound to: 32 - type: integer 
	Parameter C_S00_AXI_ADDR_WIDTH bound to: 10 - type: integer 
	Parameter C_S00_AXI_AWUSER_WIDTH bound to: 8 - type: integer 
	Parameter C_S00_AXI_ARUSER_WIDTH bound to: 8 - type: integer 
	Parameter C_S00_AXI_WUSER_WIDTH bound to: 0 - type: integer 
	Parameter C_S00_AXI_RUSER_WIDTH bound to: 0 - type: integer 
	Parameter C_S00_AXI_BUSER_WIDTH bound to: 0 - type: integer 
INFO: [Synth 8-3491] module 'rgb_rainbow_compact_v1_0' declared at 'c:/Users/Karlsen/Desktop/SEP/Rainbow/Rainbow.srcs/sources_1/bd/design_1/ipshared/0181/hdl/rgb_rainbow_compact_v1_0.vhd:5' bound to instance 'U0' of component 'rgb_rainbow_compact_v1_0' [c:/Users/Karlsen/Desktop/SEP/Rainbow/Rainbow.srcs/sources_1/bd/design_1/ip/design_1_rgb_rainbow_compact_0_0/synth/design_1_rgb_rainbow_compact_0_0.vhd:225]
INFO: [Synth 8-638] synthesizing module 'rgb_rainbow_compact_v1_0' [c:/Users/Karlsen/Desktop/SEP/Rainbow/Rainbow.srcs/sources_1/bd/design_1/ipshared/0181/hdl/rgb_rainbow_compact_v1_0.vhd:83]
	Parameter C_S00_AXI_ID_WIDTH bound to: 0 - type: integer 
	Parameter C_S00_AXI_DATA_WIDTH bound to: 32 - type: integer 
	Parameter C_S00_AXI_ADDR_WIDTH bound to: 10 - type: integer 
	Parameter C_S00_AXI_AWUSER_WIDTH bound to: 8 - type: integer 
	Parameter C_S00_AXI_ARUSER_WIDTH bound to: 8 - type: integer 
	Parameter C_S00_AXI_WUSER_WIDTH bound to: 0 - type: integer 
	Parameter C_S00_AXI_RUSER_WIDTH bound to: 0 - type: integer 
	Parameter C_S00_AXI_BUSER_WIDTH bound to: 0 - type: integer 
WARNING: [Synth 8-506] null port 's00_axi_awid' ignored [c:/Users/Karlsen/Desktop/SEP/Rainbow/Rainbow.srcs/sources_1/bd/design_1/ipshared/0181/hdl/rgb_rainbow_compact_v1_0.vhd:36]
WARNING: [Synth 8-506] null port 's00_axi_wuser' ignored [c:/Users/Karlsen/Desktop/SEP/Rainbow/Rainbow.srcs/sources_1/bd/design_1/ipshared/0181/hdl/rgb_rainbow_compact_v1_0.vhd:52]
WARNING: [Synth 8-506] null port 's00_axi_bid' ignored [c:/Users/Karlsen/Desktop/SEP/Rainbow/Rainbow.srcs/sources_1/bd/design_1/ipshared/0181/hdl/rgb_rainbow_compact_v1_0.vhd:55]
WARNING: [Synth 8-506] null port 's00_axi_buser' ignored [c:/Users/Karlsen/Desktop/SEP/Rainbow/Rainbow.srcs/sources_1/bd/design_1/ipshared/0181/hdl/rgb_rainbow_compact_v1_0.vhd:57]
WARNING: [Synth 8-506] null port 's00_axi_arid' ignored [c:/Users/Karlsen/Desktop/SEP/Rainbow/Rainbow.srcs/sources_1/bd/design_1/ipshared/0181/hdl/rgb_rainbow_compact_v1_0.vhd:60]
WARNING: [Synth 8-506] null port 's00_axi_rid' ignored [c:/Users/Karlsen/Desktop/SEP/Rainbow/Rainbow.srcs/sources_1/bd/design_1/ipshared/0181/hdl/rgb_rainbow_compact_v1_0.vhd:73]
WARNING: [Synth 8-506] null port 's00_axi_ruser' ignored [c:/Users/Karlsen/Desktop/SEP/Rainbow/Rainbow.srcs/sources_1/bd/design_1/ipshared/0181/hdl/rgb_rainbow_compact_v1_0.vhd:77]
	Parameter C_S_AXI_ID_WIDTH bound to: 0 - type: integer 
	Parameter C_S_AXI_DATA_WIDTH bound to: 32 - type: integer 
	Parameter C_S_AXI_ADDR_WIDTH bound to: 10 - type: integer 
	Parameter C_S_AXI_AWUSER_WIDTH bound to: 8 - type: integer 
	Parameter C_S_AXI_ARUSER_WIDTH bound to: 8 - type: integer 
	Parameter C_S_AXI_WUSER_WIDTH bound to: 0 - type: integer 
	Parameter C_S_AXI_RUSER_WIDTH bound to: 0 - type: integer 
	Parameter C_S_AXI_BUSER_WIDTH bound to: 0 - type: integer 
WARNING: [Synth 8-506] null port 'S_AXI_AWID' ignored [c:/Users/Karlsen/Desktop/SEP/Rainbow/Rainbow.srcs/sources_1/bd/design_1/ipshared/0181/hdl/rgb_rainbow_compact_v1_0.vhd:105]
WARNING: [Synth 8-506] null port 'S_AXI_WUSER' ignored [c:/Users/Karlsen/Desktop/SEP/Rainbow/Rainbow.srcs/sources_1/bd/design_1/ipshared/0181/hdl/rgb_rainbow_compact_v1_0.vhd:121]
WARNING: [Synth 8-506] null port 'S_AXI_BID' ignored [c:/Users/Karlsen/Desktop/SEP/Rainbow/Rainbow.srcs/sources_1/bd/design_1/ipshared/0181/hdl/rgb_rainbow_compact_v1_0.vhd:124]
WARNING: [Synth 8-506] null port 'S_AXI_BUSER' ignored [c:/Users/Karlsen/Desktop/SEP/Rainbow/Rainbow.srcs/sources_1/bd/design_1/ipshared/0181/hdl/rgb_rainbow_compact_v1_0.vhd:126]
WARNING: [Synth 8-506] null port 'S_AXI_ARID' ignored [c:/Users/Karlsen/Desktop/SEP/Rainbow/Rainbow.srcs/sources_1/bd/design_1/ipshared/0181/hdl/rgb_rainbow_compact_v1_0.vhd:129]
WARNING: [Synth 8-506] null port 'S_AXI_RID' ignored [c:/Users/Karlsen/Desktop/SEP/Rainbow/Rainbow.srcs/sources_1/bd/design_1/ipshared/0181/hdl/rgb_rainbow_compact_v1_0.vhd:142]
WARNING: [Synth 8-506] null port 'S_AXI_RUSER' ignored [c:/Users/Karlsen/Desktop/SEP/Rainbow/Rainbow.srcs/sources_1/bd/design_1/ipshared/0181/hdl/rgb_rainbow_compact_v1_0.vhd:146]
INFO: [Synth 8-3491] module 'rgb_rainbow_compact_v1_0_S00_AXI' declared at 'c:/Users/Karlsen/Desktop/SEP/Rainbow/Rainbow.srcs/sources_1/bd/design_1/ipshared/0181/hdl/rgb_rainbow_compact_v1_0_S00_AXI.vhd:5' bound to instance 'rgb_rainbow_compact_v1_0_S00_AXI_inst' of component 'rgb_rainbow_compact_v1_0_S00_AXI' [c:/Users/Karlsen/Desktop/SEP/Rainbow/Rainbow.srcs/sources_1/bd/design_1/ipshared/0181/hdl/rgb_rainbow_compact_v1_0.vhd:155]
INFO: [Synth 8-638] synthesizing module 'rgb_rainbow_compact_v1_0_S00_AXI' [c:/Users/Karlsen/Desktop/SEP/Rainbow/Rainbow.srcs/sources_1/bd/design_1/ipshared/0181/hdl/rgb_rainbow_compact_v1_0_S00_AXI.vhd:173]
	Parameter PWM_COUNTER_MAX bound to: 150000 - type: integer 
	Parameter C_S_AXI_ID_WIDTH bound to: 0 - type: integer 
	Parameter C_S_AXI_DATA_WIDTH bound to: 32 - type: integer 
	Parameter C_S_AXI_ADDR_WIDTH bound to: 10 - type: integer 
	Parameter C_S_AXI_AWUSER_WIDTH bound to: 8 - type: integer 
	Parameter C_S_AXI_ARUSER_WIDTH bound to: 8 - type: integer 
	Parameter C_S_AXI_WUSER_WIDTH bound to: 0 - type: integer 
	Parameter C_S_AXI_RUSER_WIDTH bound to: 0 - type: integer 
	Parameter C_S_AXI_BUSER_WIDTH bound to: 0 - type: integer 
WARNING: [Synth 8-506] null port 'S_AXI_AWID' ignored [c:/Users/Karlsen/Desktop/SEP/Rainbow/Rainbow.srcs/sources_1/bd/design_1/ipshared/0181/hdl/rgb_rainbow_compact_v1_0_S00_AXI.vhd:45]
WARNING: [Synth 8-506] null port 'S_AXI_WUSER' ignored [c:/Users/Karlsen/Desktop/SEP/Rainbow/Rainbow.srcs/sources_1/bd/design_1/ipshared/0181/hdl/rgb_rainbow_compact_v1_0_S00_AXI.vhd:91]
WARNING: [Synth 8-506] null port 'S_AXI_BID' ignored [c:/Users/Karlsen/Desktop/SEP/Rainbow/Rainbow.srcs/sources_1/bd/design_1/ipshared/0181/hdl/rgb_rainbow_compact_v1_0_S00_AXI.vhd:100]
WARNING: [Synth 8-506] null port 'S_AXI_BUSER' ignored [c:/Users/Karlsen/Desktop/SEP/Rainbow/Rainbow.srcs/sources_1/bd/design_1/ipshared/0181/hdl/rgb_rainbow_compact_v1_0_S00_AXI.vhd:105]
WARNING: [Synth 8-506] null port 'S_AXI_ARID' ignored [c:/Users/Karlsen/Desktop/SEP/Rainbow/Rainbow.srcs/sources_1/bd/design_1/ipshared/0181/hdl/rgb_rainbow_compact_v1_0_S00_AXI.vhd:114]
WARNING: [Synth 8-506] null port 'S_AXI_RID' ignored [c:/Users/Karlsen/Desktop/SEP/Rainbow/Rainbow.srcs/sources_1/bd/design_1/ipshared/0181/hdl/rgb_rainbow_compact_v1_0_S00_AXI.vhd:153]
WARNING: [Synth 8-506] null port 'S_AXI_RUSER' ignored [c:/Users/Karlsen/Desktop/SEP/Rainbow/Rainbow.srcs/sources_1/bd/design_1/ipshared/0181/hdl/rgb_rainbow_compact_v1_0_S00_AXI.vhd:163]
WARNING: [Synth 8-6774] Null subtype or type declaration found [c:/Users/Karlsen/Desktop/SEP/Rainbow/Rainbow.srcs/sources_1/bd/design_1/ipshared/0181/hdl/rgb_rainbow_compact_v1_0_S00_AXI.vhd:180]
WARNING: [Synth 8-6774] Null subtype or type declaration found [c:/Users/Karlsen/Desktop/SEP/Rainbow/Rainbow.srcs/sources_1/bd/design_1/ipshared/0181/hdl/rgb_rainbow_compact_v1_0_S00_AXI.vhd:187]
INFO: [Synth 8-256] done synthesizing module 'rgb_rainbow_compact_v1_0_S00_AXI' (1#1) [c:/Users/Karlsen/Desktop/SEP/Rainbow/Rainbow.srcs/sources_1/bd/design_1/ipshared/0181/hdl/rgb_rainbow_compact_v1_0_S00_AXI.vhd:173]
WARNING: [Synth 8-6778] Component port with null array found, Will be ignored [c:/Users/Karlsen/Desktop/SEP/Rainbow/Rainbow.srcs/sources_1/bd/design_1/ipshared/0181/hdl/rgb_rainbow_compact_v1_0.vhd:173]
WARNING: [Synth 8-6778] Component port with null array found, Will be ignored [c:/Users/Karlsen/Desktop/SEP/Rainbow/Rainbow.srcs/sources_1/bd/design_1/ipshared/0181/hdl/rgb_rainbow_compact_v1_0.vhd:189]
WARNING: [Synth 8-6778] Component port with null array found, Will be ignored [c:/Users/Karlsen/Desktop/SEP/Rainbow/Rainbow.srcs/sources_1/bd/design_1/ipshared/0181/hdl/rgb_rainbow_compact_v1_0.vhd:192]
WARNING: [Synth 8-6778] Component port with null array found, Will be ignored [c:/Users/Karlsen/Desktop/SEP/Rainbow/Rainbow.srcs/sources_1/bd/design_1/ipshared/0181/hdl/rgb_rainbow_compact_v1_0.vhd:194]
WARNING: [Synth 8-6778] Component port with null array found, Will be ignored [c:/Users/Karlsen/Desktop/SEP/Rainbow/Rainbow.srcs/sources_1/bd/design_1/ipshared/0181/hdl/rgb_rainbow_compact_v1_0.vhd:197]
WARNING: [Synth 8-6778] Component port with null array found, Will be ignored [c:/Users/Karlsen/Desktop/SEP/Rainbow/Rainbow.srcs/sources_1/bd/design_1/ipshared/0181/hdl/rgb_rainbow_compact_v1_0.vhd:210]
WARNING: [Synth 8-6778] Component port with null array found, Will be ignored [c:/Users/Karlsen/Desktop/SEP/Rainbow/Rainbow.srcs/sources_1/bd/design_1/ipshared/0181/hdl/rgb_rainbow_compact_v1_0.vhd:214]
INFO: [Synth 8-256] done synthesizing module 'rgb_rainbow_compact_v1_0' (2#1) [c:/Users/Karlsen/Desktop/SEP/Rainbow/Rainbow.srcs/sources_1/bd/design_1/ipshared/0181/hdl/rgb_rainbow_compact_v1_0.vhd:83]
INFO: [Synth 8-256] done synthesizing module 'design_1_rgb_rainbow_compact_0_0' (3#1) [c:/Users/Karlsen/Desktop/SEP/Rainbow/Rainbow.srcs/sources_1/bd/design_1/ip/design_1_rgb_rainbow_compact_0_0/synth/design_1_rgb_rainbow_compact_0_0.vhd:104]
---------------------------------------------------------------------------------
Finished RTL Elaboration : Time (s): cpu = 00:00:07 ; elapsed = 00:00:08 . Memory (MB): peak = 1061.488 ; gain = 0.000
---------------------------------------------------------------------------------
---------------------------------------------------------------------------------
Start Handling Custom Attributes
---------------------------------------------------------------------------------
---------------------------------------------------------------------------------
Finished Handling Custom Attributes : Time (s): cpu = 00:00:08 ; elapsed = 00:00:09 . Memory (MB): peak = 1061.488 ; gain = 0.000
---------------------------------------------------------------------------------
---------------------------------------------------------------------------------
Finished RTL Optimization Phase 1 : Time (s): cpu = 00:00:08 ; elapsed = 00:00:09 . Memory (MB): peak = 1061.488 ; gain = 0.000
---------------------------------------------------------------------------------
Netlist sorting complete. Time (s): cpu = 00:00:00 ; elapsed = 00:00:00.054 . Memory (MB): peak = 1061.488 ; gain = 0.000
INFO: [Project 1-570] Preparing netlist for logic optimization

Processing XDC Constraints
Initializing timing engine
Completed Processing XDC Constraints

Netlist sorting complete. Time (s): cpu = 00:00:00 ; elapsed = 00:00:00 . Memory (MB): peak = 1150.648 ; gain = 0.000
INFO: [Project 1-111] Unisim Transformation Summary:
No Unisim elements were transformed.

Constraint Validation Runtime : Time (s): cpu = 00:00:00 ; elapsed = 00:00:00.138 . Memory (MB): peak = 1151.320 ; gain = 0.672
---------------------------------------------------------------------------------
Finished Constraint Validation : Time (s): cpu = 00:00:16 ; elapsed = 00:00:16 . Memory (MB): peak = 1151.320 ; gain = 89.832
---------------------------------------------------------------------------------
---------------------------------------------------------------------------------
Start Loading Part and Timing Information
---------------------------------------------------------------------------------
Loading part: xc7z010clg400-1
---------------------------------------------------------------------------------
Finished Loading Part and Timing Information : Time (s): cpu = 00:00:16 ; elapsed = 00:00:16 . Memory (MB): peak = 1151.320 ; gain = 89.832
---------------------------------------------------------------------------------
---------------------------------------------------------------------------------
Start Applying 'set_property' XDC Constraints
---------------------------------------------------------------------------------
---------------------------------------------------------------------------------
Finished applying 'set_property' XDC Constraints : Time (s): cpu = 00:00:16 ; elapsed = 00:00:16 . Memory (MB): peak = 1151.320 ; gain = 89.832
---------------------------------------------------------------------------------
---------------------------------------------------------------------------------
Finished RTL Optimization Phase 2 : Time (s): cpu = 00:00:17 ; elapsed = 00:00:17 . Memory (MB): peak = 1151.320 ; gain = 89.832
---------------------------------------------------------------------------------
---------------------------------------------------------------------------------
Start RTL Component Statistics 
---------------------------------------------------------------------------------
Detailed RTL Component Info : 
+---Adders : 
	   3 Input   10 Bit       Adders := 2     
	   2 Input    9 Bit       Adders := 1     
	   2 Input    8 Bit       Adders := 4     
	   2 Input    6 Bit       Adders := 3     
+---XORs : 
	   2 Input     10 Bit         XORs := 2     
+---Registers : 
	               32 Bit    Registers := 67    
	               10 Bit    Registers := 2     
	                9 Bit    Registers := 1     
	                8 Bit    Registers := 10    
	                2 Bit    Registers := 4     
	                1 Bit    Registers := 8     
+---RAMs : 
	               2K Bit	(256 X 8 bit)          RAMs := 4     
+---Muxes : 
	   2 Input   32 Bit        Muxes := 13    
	   2 Input   10 Bit        Muxes := 4     
	   4 Input   10 Bit        Muxes := 2     
	   2 Input    9 Bit        Muxes := 1     
	   2 Input    8 Bit        Muxes := 2     
	   2 Input    1 Bit        Muxes := 93    
	   4 Input    1 Bit        Muxes := 2     
---------------------------------------------------------------------------------
Finished RTL Component Statistics 
---------------------------------------------------------------------------------
---------------------------------------------------------------------------------
Start Part Resource Summary
---------------------------------------------------------------------------------
Part Resources:
DSPs: 80 (col length:40)
BRAMs: 120 (col length: RAMB18 40 RAMB36 20)
---------------------------------------------------------------------------------
Finished Part Resource Summary
---------------------------------------------------------------------------------
---------------------------------------------------------------------------------
Start Cross Boundary and Area Optimization
---------------------------------------------------------------------------------
---------------------------------------------------------------------------------
Finished Cross Boundary and Area Optimization : Time (s): cpu = 00:00:26 ; elapsed = 00:00:26 . Memory (MB): peak = 1165.504 ; gain = 104.016
---------------------------------------------------------------------------------
---------------------------------------------------------------------------------
Start ROM, RAM, DSP and Shift Register Reporting
---------------------------------------------------------------------------------

Block RAM: Preliminary Mapping	Report (see note below)
+-------------------------------------------+-------------------------------------------+------------------------+---+---+------------------------+---+---+------------------+--------+--------+
|Module Name                                | RTL Object                                | PORT A (Depth x Width) | W | R | PORT B (Depth x Width) | W | R | Ports driving FF | RAMB18 | RAMB36 | 
+-------------------------------------------+-------------------------------------------+------------------------+---+---+------------------------+---+---+------------------+--------+--------+
|\U0/rgb_rainbow_compact_v1_0_S00_AXI_inst  | BRAM_GEN[0].BYTE_BRAM_GEN[0].byte_ram_reg | 256 x 8(READ_FIRST)    | W |   | 256 x 8(WRITE_FIRST)   |   | R | Port A and B     | 1      | 0      | 
|\U0/rgb_rainbow_compact_v1_0_S00_AXI_inst  | BRAM_GEN[0].BYTE_BRAM_GEN[1].byte_ram_reg | 256 x 8(READ_FIRST)    | W |   | 256 x 8(WRITE_FIRST)   |   | R | Port A and B     | 1      | 0      | 
|\U0/rgb_rainbow_compact_v1_0_S00_AXI_inst  | BRAM_GEN[0].BYTE_BRAM_GEN[2].byte_ram_reg | 256 x 8(READ_FIRST)    | W |   | 256 x 8(WRITE_FIRST)   |   | R | Port A and B     | 1      | 0      | 
|\U0/rgb_rainbow_compact_v1_0_S00_AXI_inst  | BRAM_GEN[0].BYTE_BRAM_GEN[3].byte_ram_reg | 256 x 8(READ_FIRST)    | W |   | 256 x 8(WRITE_FIRST)   |   | R | Port A and B     | 1      | 0      | 
+-------------------------------------------+-------------------------------------------+------------------------+---+---+------------------------+---+---+------------------+--------+--------+

Note: The table above is a preliminary report that shows the Block RAMs at the current stage of the synthesis flow. Some Block RAMs may be reimplemented as non Block RAM primitives later in the synthesis flow. Multiple instantiated Block RAMs are reported only once. 
---------------------------------------------------------------------------------
Finished ROM, RAM, DSP and Shift Register Reporting
---------------------------------------------------------------------------------
---------------------------------------------------------------------------------
Start Applying XDC Timing Constraints
---------------------------------------------------------------------------------
---------------------------------------------------------------------------------
Finished Applying XDC Timing Constraints : Time (s): cpu = 00:00:34 ; elapsed = 00:00:35 . Memory (MB): peak = 1165.504 ; gain = 104.016
---------------------------------------------------------------------------------
---------------------------------------------------------------------------------
Start Timing Optimization
---------------------------------------------------------------------------------
---------------------------------------------------------------------------------
Finished Timing Optimization : Time (s): cpu = 00:00:34 ; elapsed = 00:00:35 . Memory (MB): peak = 1165.504 ; gain = 104.016
---------------------------------------------------------------------------------
---------------------------------------------------------------------------------
Start ROM, RAM, DSP and Shift Register Reporting
---------------------------------------------------------------------------------

Block RAM: Final Mapping	Report
+-------------------------------------------+-------------------------------------------+------------------------+---+---+------------------------+---+---+------------------+--------+--------+
|Module Name                                | RTL Object                                | PORT A (Depth x Width) | W | R | PORT B (Depth x Width) | W | R | Ports driving FF | RAMB18 | RAMB36 | 
+-------------------------------------------+-------------------------------------------+------------------------+---+---+------------------------+---+---+------------------+--------+--------+
|\U0/rgb_rainbow_compact_v1_0_S00_AXI_inst  | BRAM_GEN[0].BYTE_BRAM_GEN[0].byte_ram_reg | 256 x 8(READ_FIRST)    | W |   | 256 x 8(WRITE_FIRST)   |   | R | Port A and B     | 1      | 0      | 
|\U0/rgb_rainbow_compact_v1_0_S00_AXI_inst  | BRAM_GEN[0].BYTE_BRAM_GEN[1].byte_ram_reg | 256 x 8(READ_FIRST)    | W |   | 256 x 8(WRITE_FIRST)   |   | R | Port A and B     | 1      | 0      | 
|\U0/rgb_rainbow_compact_v1_0_S00_AXI_inst  | BRAM_GEN[0].BYTE_BRAM_GEN[2].byte_ram_reg | 256 x 8(READ_FIRST)    | W |   | 256 x 8(WRITE_FIRST)   |   | R | Port A and B     | 1      | 0      | 
|\U0/rgb_rainbow_compact_v1_0_S00_AXI_inst  | BRAM_GEN[0].BYTE_BRAM_GEN[3].byte_ram_reg | 256 x 8(READ_FIRST)    | W |   | 256 x 8(WRITE_FIRST)   |   | R | Port A and B     | 1      | 0      | 
+-------------------------------------------+-------------------------------------------+------------------------+---+---+------------------------+---+---+------------------+--------+--------+

---------------------------------------------------------------------------------
Finished ROM, RAM, DSP and Shift Register Reporting
---------------------------------------------------------------------------------
---------------------------------------------------------------------------------
Start Technology Mapping
---------------------------------------------------------------------------------
INFO: [Synth 8-7052] The timing for the instance U0/rgb_rainbow_compact_v1_0_S00_AXI_inst/BRAM_GEN[0].BYTE_BRAM_GEN[0].byte_ram_reg (implemented as a Block RAM) might be sub-optimal as no optional output register could be merged into the ram block. Providing additional output register may help in improving timing.
INFO: [Synth 8-7052] The timing for the instance U0/rgb_rainbow_compact_v1_0_S00_AXI_inst/BRAM_GEN[0].BYTE_BRAM_GEN[1].byte_ram_reg (implemented as a Block RAM) might be sub-optimal as no optional output register could be merged into the ram block. Providing additional output register may help in improving timing.
INFO: [Synth 8-7052] The timing for the instance U0/rgb_rainbow_compact_v1_0_S00_AXI_inst/BRAM_GEN[0].BYTE_BRAM_GEN[2].byte_ram_reg (implemented as a Block RAM) might be sub-optimal as no optional output register could be merged into the ram block. Providing additional output register may help in improving timing.
INFO: [Synth 8-7052] The timing for the instance U0/rgb_rainbow_compact_v1_0_S00_AXI_inst/BRAM_GEN[0].BYTE_BRAM_GEN[3].byte_ram_reg (implemented as a Block RAM) might be sub-optimal as no optional output register could be merged into the ram block. Providing additional output register may help in improving timing.
---------------------------------------------------------------------------------
Finished Technology Mapping : Time (s): cpu = 00:00:35 ; elapsed = 00:00:36 . Memory (MB): peak = 1193.746 ; gain = 132.258
---------------------------------------------------------------------------------
---------------------------------------------------------------------------------
Start IO Insertion
---------------------------------------------------------------------------------
---------------------------------------------------------------------------------
Start Flattening Before IO Insertion
---------------------------------------------------------------------------------
---------------------------------------------------------------------------------
Finished Flattening Before IO Insertion
---------------------------------------------------------------------------------
---------------------------------------------------------------------------------
Start Final Netlist Cleanup
---------------------------------------------------------------------------------
---------------------------------------------------------------------------------
Finished Final Netlist Cleanup
---------------------------------------------------------------------------------
---------------------------------------------------------------------------------
Finished IO Insertion : Time (s): cpu = 00:00:39 ; elapsed = 00:00:40 . Memory (MB): peak = 1199.078 ; gain = 137.590
---------------------------------------------------------------------------------
---------------------------------------------------------------------------------
Start Renaming Generated Instances
---------------------------------------------------------------------------------
---------------------------------------------------------------------------------
Finished Renaming Generated Instances : Time (s): cpu = 00:00:39 ; elapsed = 00:00:40 . Memory (MB): peak = 1199.078 ; gain = 137.590
---------------------------------------------------------------------------------
---------------------------------------------------------------------------------
Start Rebuilding User Hierarchy
---------------------------------------------------------------------------------
---------------------------------------------------------------------------------
Finished Rebuilding User Hierarchy : Time (s): cpu = 00:00:40 ; elapsed = 00:00:41 . Memory (MB): peak = 1199.078 ; gain = 137.590
---------------------------------------------------------------------------------
---------------------------------------------------------------------------------
Start Renaming Generated Ports
---------------------------------------------------------------------------------
---------------------------------------------------------------------------------
Finished Renaming Generated Ports : Time (s): cpu = 00:00:40 ; elapsed = 00:00:41 . Memory (MB): peak = 1199.078 ; gain = 137.590
---------------------------------------------------------------------------------
---------------------------------------------------------------------------------
Start Handling Custom Attributes
---------------------------------------------------------------------------------
---------------------------------------------------------------------------------
Finished Handling Custom Attributes : Time (s): cpu = 00:00:40 ; elapsed = 00:00:41 . Memory (MB): peak = 1199.078 ; gain = 137.590
---------------------------------------------------------------------------------
---------------------------------------------------------------------------------
Start Renaming Generated Nets
---------------------------------------------------------------------------------
---------------------------------------------------------------------------------
Finished Renaming Generated Nets : Time (s): cpu = 00:00:40 ; elapsed = 00:00:41 . Memory (MB): peak = 1199.078 ; gain = 137.590
---------------------------------------------------------------------------------
---------------------------------------------------------------------------------
Start Writing Synthesis Report
---------------------------------------------------------------------------------

Report BlackBoxes: 
+-+--------------+----------+
| |BlackBox name |Instances |
+-+--------------+----------+
+-+--------------+----------+

Report Cell Usage: 
+------+---------+------+
|      |Cell     |Count |
+------+---------+------+
|1     |CARRY4   |    35|
|2     |LUT1     |    15|
|3     |LUT2     |   135|
|4     |LUT3     |   531|
|5     |LUT4     |   165|
|6     |LUT5     |   180|
|7     |LUT6     |  1725|
|8     |MUXF7    |   178|
|9     |MUXF8    |    26|
|10    |RAMB18E1 |     4|
|11    |FDRE     |  2281|
+------+---------+------+
---------------------------------------------------------------------------------
Finished Writing Synthesis Report : Time (s): cpu = 00:00:40 ; elapsed = 00:00:41 . Memory (MB): peak = 1199.078 ; gain = 137.590
---------------------------------------------------------------------------------
Synthesis finished with 0 errors, 0 critical warnings and 0 warnings.
Synthesis Optimization Runtime : Time (s): cpu = 00:00:29 ; elapsed = 00:00:38 . Memory (MB): peak = 1199.078 ; gain = 47.758
Synthesis Optimization Complete : Time (s): cpu = 00:00:40 ; elapsed = 00:00:41 . Memory (MB): peak = 1199.078 ; gain = 137.590
INFO: [Project 1-571] Translating synthesized netlist
Netlist sorting complete. Time (s): cpu = 00:00:00 ; elapsed = 00:00:00.052 . Memory (MB): peak = 1211.203 ; gain = 0.000
INFO: [Netlist 29-17] Analyzing 243 Unisim elements for replacement
INFO: [Netlist 29-28] Unisim Transformation completed in 1 CPU seconds
WARNING: [Netlist 29-101] Netlist 'design_1_rgb_rainbow_compact_0_0' is not ideal for floorplanning, since the cellview 'rgb_rainbow_compact_v1_0_S00_AXI' contains a large number of primitives.  Please consider enabling hierarchy in synthesis if you want to do floorplanning.
INFO: [Project 1-570] Preparing netlist for logic optimization
INFO: [Opt 31-138] Pushed 0 inverter(s) to 0 load pin(s).
Netlist sorting complete. Time (s): cpu = 00:00:00 ; elapsed = 00:00:00.001 . Memory (MB): peak = 1211.203 ; gain = 0.000
INFO: [Project 1-111] Unisim Transformation Summary:
No Unisim elements were transformed.

INFO: [Common 17-83] Releasing license: Synthesis
31 Infos, 31 Warnings, 0 Critical Warnings and 0 Errors encountered.
synth_design completed successfully
synth_design: Time (s): cpu = 00:00:47 ; elapsed = 00:00:51 . Memory (MB): peak = 1211.203 ; gain = 149.715
INFO: [Common 17-1381] The checkpoint 'C:/Users/Karlsen/Desktop/SEP/Rainbow/Rainbow.runs/design_1_rgb_rainbow_compact_0_0_synth_1/design_1_rgb_rainbow_compact_0_0.dcp' has been generated.
WARNING: [Common 17-576] 'use_project_ipc' is deprecated. This option is deprecated and no longer used.
INFO: [Coretcl 2-1648] Added synthesis output to IP cache for IP design_1_rgb_rainbow_compact_0_0, cache-ID = bc06748e8cd32807
INFO: [Coretcl 2-1174] Renamed 2 cell refs.
INFO: [Common 17-1381] The checkpoint 'C:/Users/Karlsen/Desktop/SEP/Rainbow/Rainbow.runs/design_1_rgb_rainbow_compact_0_0_synth_1/design_1_rgb_rainbow_compact_0_0.dcp' has been generated.
INFO: [runtcl-4] Executing : report_utilization -file design_1_rgb_rainbow_compact_0_0_utilization_synth.rpt -pb design_1_rgb_rainbow_compact_0_0_utilization_synth.pb
INFO: [Common 17-206] Exiting Vivado at Sat Sep 20 17:46:53 2025...
