
*** Running vivado
    with args -log design_1_wrapper.vdi -applog -m64 -product Vivado -messageDb vivado.pb -mode batch -source design_1_wrapper.tcl -notrace



****** Vivado v2020.1 (64-bit)
  **** SW Build 2902540 on Wed May 27 19:54:49 MDT 2020
  **** IP Build 2902112 on Wed May 27 22:43:36 MDT 2020
    ** Copyright 1986-2020 Xilinx, Inc. All Rights Reserved.

source design_1_wrapper.tcl -notrace
WARNING: [Common 17-1361] You have specified a new message control rule that is equivalent to an existing rule with attributes ' -id {[BD 41-1306]}  -suppress '. The existing rule will be replaced.
WARNING: [Common 17-1361] You have specified a new message control rule that is equivalent to an existing rule with attributes ' -id {[BD 41-1271]}  -suppress '. The existing rule will be replaced.
INFO: [IP_Flow 19-234] Refreshing IP repositories
WARNING: [IP_Flow 19-3685] Ignored loading user repository 'c:/Users/fuent/Desktop/Sep-repository/Sep-repository/Proyecto_1/Proyecto_1_FINAL/IP_Cores/rgb_alarm/rgb_alarm_1.0'. The path is contained within another repository.
WARNING: [IP_Flow 19-3685] Ignored loading user repository 'c:/Users/fuent/Desktop/Sep-repository/Sep-repository/Proyecto_1/Proyecto_1_FINAL/IP_Cores/alarm/alarm_1.0'. The path is contained within another repository.
WARNING: [IP_Flow 19-3685] Ignored loading user repository 'c:/Users/fuent/Desktop/Sep-repository/Sep-repository/Proyecto_1/Proyecto_1_FINAL/IP_Cores/rainbow/rgb_rainbow_1.0'. The path is contained within another repository.
INFO: [IP_Flow 19-1700] Loaded user IP repository 'c:/Users/fuent/Desktop/Sep-repository/Sep-repository/Proyecto_1/Proyecto_1_FINAL/IP_Cores'.
INFO: [IP_Flow 19-2313] Loaded Vivado IP repository 'C:/Xilinx/Vivado/2020.1/data/ip'.
WARNING: [IP_Flow 19-4995] The host OS only allows 260 characters in a normal path. The IP cache path is more than 80 characters. If you experience issues with IP caching, please consider changing the IP cache to a location with a shorter path. Alternately consider using the OS subst command to map part of the path to a drive letter. 
Current IP cache path is C:/Users/fuent/Desktop/Sep-repository/Sep-repository/Proyecto_1/Proyecto_1_FINAL/Proyecto_1_FINAL/Proyecto_1_FINAL.cache/ip 
add_files: Time (s): cpu = 00:00:05 ; elapsed = 00:00:08 . Memory (MB): peak = 1050.211 ; gain = 0.000
Command: link_design -top design_1_wrapper -part xc7z010clg400-1
Design is defaulting to srcset: sources_1
Design is defaulting to constrset: constrs_1
INFO: [Device 21-403] Loading part xc7z010clg400-1
Netlist sorting complete. Time (s): cpu = 00:00:01 ; elapsed = 00:00:00.800 . Memory (MB): peak = 1050.211 ; gain = 0.000
INFO: [Netlist 29-17] Analyzing 1554 Unisim elements for replacement
INFO: [Netlist 29-28] Unisim Transformation completed in 1 CPU seconds
INFO: [Project 1-479] Netlist was created with Vivado 2020.1
INFO: [Project 1-570] Preparing netlist for logic optimization
Parsing XDC File [c:/Users/fuent/Desktop/Sep-repository/Sep-repository/Proyecto_1/Proyecto_1_FINAL/Proyecto_1_FINAL/Proyecto_1_FINAL.srcs/sources_1/bd/design_1/ip/design_1_axi_traffic_gen_1_0/design_1_axi_traffic_gen_1_0.xdc] for cell 'design_1_i/axi_traffic_gen_1/inst'
Finished Parsing XDC File [c:/Users/fuent/Desktop/Sep-repository/Sep-repository/Proyecto_1/Proyecto_1_FINAL/Proyecto_1_FINAL/Proyecto_1_FINAL.srcs/sources_1/bd/design_1/ip/design_1_axi_traffic_gen_1_0/design_1_axi_traffic_gen_1_0.xdc] for cell 'design_1_i/axi_traffic_gen_1/inst'
Parsing XDC File [c:/Users/fuent/Desktop/Sep-repository/Sep-repository/Proyecto_1/Proyecto_1_FINAL/Proyecto_1_FINAL/Proyecto_1_FINAL.srcs/sources_1/bd/design_1/ip/design_1_axi_smc_0/bd_0/ip/ip_1/bd_afc3_psr_aclk_0_board.xdc] for cell 'design_1_i/axi_smc/inst/clk_map/psr_aclk/U0'
Finished Parsing XDC File [c:/Users/fuent/Desktop/Sep-repository/Sep-repository/Proyecto_1/Proyecto_1_FINAL/Proyecto_1_FINAL/Proyecto_1_FINAL.srcs/sources_1/bd/design_1/ip/design_1_axi_smc_0/bd_0/ip/ip_1/bd_afc3_psr_aclk_0_board.xdc] for cell 'design_1_i/axi_smc/inst/clk_map/psr_aclk/U0'
Parsing XDC File [c:/Users/fuent/Desktop/Sep-repository/Sep-repository/Proyecto_1/Proyecto_1_FINAL/Proyecto_1_FINAL/Proyecto_1_FINAL.srcs/sources_1/bd/design_1/ip/design_1_axi_smc_0/bd_0/ip/ip_1/bd_afc3_psr_aclk_0.xdc] for cell 'design_1_i/axi_smc/inst/clk_map/psr_aclk/U0'
Finished Parsing XDC File [c:/Users/fuent/Desktop/Sep-repository/Sep-repository/Proyecto_1/Proyecto_1_FINAL/Proyecto_1_FINAL/Proyecto_1_FINAL.srcs/sources_1/bd/design_1/ip/design_1_axi_smc_0/bd_0/ip/ip_1/bd_afc3_psr_aclk_0.xdc] for cell 'design_1_i/axi_smc/inst/clk_map/psr_aclk/U0'
Parsing XDC File [c:/Users/fuent/Desktop/Sep-repository/Sep-repository/Proyecto_1/Proyecto_1_FINAL/Proyecto_1_FINAL/Proyecto_1_FINAL.srcs/sources_1/bd/design_1/ip/design_1_rst_clk_125M_0/design_1_rst_clk_125M_0_board.xdc] for cell 'design_1_i/rst_clk_125M/U0'
Finished Parsing XDC File [c:/Users/fuent/Desktop/Sep-repository/Sep-repository/Proyecto_1/Proyecto_1_FINAL/Proyecto_1_FINAL/Proyecto_1_FINAL.srcs/sources_1/bd/design_1/ip/design_1_rst_clk_125M_0/design_1_rst_clk_125M_0_board.xdc] for cell 'design_1_i/rst_clk_125M/U0'
Parsing XDC File [c:/Users/fuent/Desktop/Sep-repository/Sep-repository/Proyecto_1/Proyecto_1_FINAL/Proyecto_1_FINAL/Proyecto_1_FINAL.srcs/sources_1/bd/design_1/ip/design_1_rst_clk_125M_0/design_1_rst_clk_125M_0.xdc] for cell 'design_1_i/rst_clk_125M/U0'
Finished Parsing XDC File [c:/Users/fuent/Desktop/Sep-repository/Sep-repository/Proyecto_1/Proyecto_1_FINAL/Proyecto_1_FINAL/Proyecto_1_FINAL.srcs/sources_1/bd/design_1/ip/design_1_rst_clk_125M_0/design_1_rst_clk_125M_0.xdc] for cell 'design_1_i/rst_clk_125M/U0'
Parsing XDC File [c:/Users/fuent/Desktop/Sep-repository/Sep-repository/Proyecto_1/Proyecto_1_FINAL/Proyecto_1_FINAL/Proyecto_1_FINAL.srcs/sources_1/bd/design_1/ip/design_1_axi_smc_1_0/bd_0/ip/ip_1/bd_a878_psr_aclk_0_board.xdc] for cell 'design_1_i/axi_smc_1/inst/clk_map/psr_aclk/U0'
Finished Parsing XDC File [c:/Users/fuent/Desktop/Sep-repository/Sep-repository/Proyecto_1/Proyecto_1_FINAL/Proyecto_1_FINAL/Proyecto_1_FINAL.srcs/sources_1/bd/design_1/ip/design_1_axi_smc_1_0/bd_0/ip/ip_1/bd_a878_psr_aclk_0_board.xdc] for cell 'design_1_i/axi_smc_1/inst/clk_map/psr_aclk/U0'
Parsing XDC File [c:/Users/fuent/Desktop/Sep-repository/Sep-repository/Proyecto_1/Proyecto_1_FINAL/Proyecto_1_FINAL/Proyecto_1_FINAL.srcs/sources_1/bd/design_1/ip/design_1_axi_smc_1_0/bd_0/ip/ip_1/bd_a878_psr_aclk_0.xdc] for cell 'design_1_i/axi_smc_1/inst/clk_map/psr_aclk/U0'
Finished Parsing XDC File [c:/Users/fuent/Desktop/Sep-repository/Sep-repository/Proyecto_1/Proyecto_1_FINAL/Proyecto_1_FINAL/Proyecto_1_FINAL.srcs/sources_1/bd/design_1/ip/design_1_axi_smc_1_0/bd_0/ip/ip_1/bd_a878_psr_aclk_0.xdc] for cell 'design_1_i/axi_smc_1/inst/clk_map/psr_aclk/U0'
Parsing XDC File [c:/Users/fuent/Desktop/Sep-repository/Sep-repository/Proyecto_1/Proyecto_1_FINAL/Proyecto_1_FINAL/Proyecto_1_FINAL.srcs/sources_1/bd/design_1/ip/design_1_vio_0_0/design_1_vio_0_0.xdc] for cell 'design_1_i/vio_0'
Finished Parsing XDC File [c:/Users/fuent/Desktop/Sep-repository/Sep-repository/Proyecto_1/Proyecto_1_FINAL/Proyecto_1_FINAL/Proyecto_1_FINAL.srcs/sources_1/bd/design_1/ip/design_1_vio_0_0/design_1_vio_0_0.xdc] for cell 'design_1_i/vio_0'
Parsing XDC File [c:/Users/fuent/Desktop/Sep-repository/Sep-repository/Proyecto_1/Proyecto_1_FINAL/Proyecto_1_FINAL/Proyecto_1_FINAL.srcs/sources_1/bd/design_1/ip/design_1_ila_0_0/ila_v6_2/constraints/ila_impl.xdc] for cell 'design_1_i/ila_0/U0'
Finished Parsing XDC File [c:/Users/fuent/Desktop/Sep-repository/Sep-repository/Proyecto_1/Proyecto_1_FINAL/Proyecto_1_FINAL/Proyecto_1_FINAL.srcs/sources_1/bd/design_1/ip/design_1_ila_0_0/ila_v6_2/constraints/ila_impl.xdc] for cell 'design_1_i/ila_0/U0'
Parsing XDC File [c:/Users/fuent/Desktop/Sep-repository/Sep-repository/Proyecto_1/Proyecto_1_FINAL/Proyecto_1_FINAL/Proyecto_1_FINAL.srcs/sources_1/bd/design_1/ip/design_1_ila_0_0/ila_v6_2/constraints/ila.xdc] for cell 'design_1_i/ila_0/U0'
Finished Parsing XDC File [c:/Users/fuent/Desktop/Sep-repository/Sep-repository/Proyecto_1/Proyecto_1_FINAL/Proyecto_1_FINAL/Proyecto_1_FINAL.srcs/sources_1/bd/design_1/ip/design_1_ila_0_0/ila_v6_2/constraints/ila.xdc] for cell 'design_1_i/ila_0/U0'
Parsing XDC File [C:/Users/fuent/Desktop/Sep-repository/Sep-repository/Proyecto_1/Proyecto_1_FINAL/Proyecto_1_FINAL/Proyecto_1_FINAL.srcs/constrs_1/imports/Downloads/Zybo-Z7-Master.xdc]
Finished Parsing XDC File [C:/Users/fuent/Desktop/Sep-repository/Sep-repository/Proyecto_1/Proyecto_1_FINAL/Proyecto_1_FINAL/Proyecto_1_FINAL.srcs/constrs_1/imports/Downloads/Zybo-Z7-Master.xdc]
Sourcing Tcl File [C:/Xilinx/Vivado/2020.1/data/ip/xpm/xpm_memory/tcl/xpm_memory_xdc.tcl] for cell 'design_1_i/axi_smc/inst/s00_nodes/s00_ar_node/inst/inst_mi_handler/gen_normal_area.inst_fifo_node_payld/gen_xpm_memory_fifo.inst_fifo/gen_mem_rep[0].inst_xpm_memory'
Finished Sourcing Tcl File [C:/Xilinx/Vivado/2020.1/data/ip/xpm/xpm_memory/tcl/xpm_memory_xdc.tcl] for cell 'design_1_i/axi_smc/inst/s00_nodes/s00_ar_node/inst/inst_mi_handler/gen_normal_area.inst_fifo_node_payld/gen_xpm_memory_fifo.inst_fifo/gen_mem_rep[0].inst_xpm_memory'
Sourcing Tcl File [C:/Xilinx/Vivado/2020.1/data/ip/xpm/xpm_memory/tcl/xpm_memory_xdc.tcl] for cell 'design_1_i/axi_smc/inst/s00_nodes/s00_aw_node/inst/inst_mi_handler/gen_normal_area.inst_fifo_node_payld/gen_xpm_memory_fifo.inst_fifo/gen_mem_rep[0].inst_xpm_memory'
Finished Sourcing Tcl File [C:/Xilinx/Vivado/2020.1/data/ip/xpm/xpm_memory/tcl/xpm_memory_xdc.tcl] for cell 'design_1_i/axi_smc/inst/s00_nodes/s00_aw_node/inst/inst_mi_handler/gen_normal_area.inst_fifo_node_payld/gen_xpm_memory_fifo.inst_fifo/gen_mem_rep[0].inst_xpm_memory'
Sourcing Tcl File [C:/Xilinx/Vivado/2020.1/data/ip/xpm/xpm_memory/tcl/xpm_memory_xdc.tcl] for cell 'design_1_i/axi_smc_1/inst/s00_nodes/s00_b_node/inst/inst_mi_handler/gen_normal_area.inst_fifo_node_payld/gen_xpm_memory_fifo.inst_fifo/gen_mem_rep[0].inst_xpm_memory'
Finished Sourcing Tcl File [C:/Xilinx/Vivado/2020.1/data/ip/xpm/xpm_memory/tcl/xpm_memory_xdc.tcl] for cell 'design_1_i/axi_smc_1/inst/s00_nodes/s00_b_node/inst/inst_mi_handler/gen_normal_area.inst_fifo_node_payld/gen_xpm_memory_fifo.inst_fifo/gen_mem_rep[0].inst_xpm_memory'
Sourcing Tcl File [C:/Xilinx/Vivado/2020.1/data/ip/xpm/xpm_memory/tcl/xpm_memory_xdc.tcl] for cell 'design_1_i/axi_smc/inst/s00_nodes/s00_b_node/inst/inst_mi_handler/gen_normal_area.inst_fifo_node_payld/gen_xpm_memory_fifo.inst_fifo/gen_mem_rep[0].inst_xpm_memory'
Finished Sourcing Tcl File [C:/Xilinx/Vivado/2020.1/data/ip/xpm/xpm_memory/tcl/xpm_memory_xdc.tcl] for cell 'design_1_i/axi_smc/inst/s00_nodes/s00_b_node/inst/inst_mi_handler/gen_normal_area.inst_fifo_node_payld/gen_xpm_memory_fifo.inst_fifo/gen_mem_rep[0].inst_xpm_memory'
Sourcing Tcl File [C:/Xilinx/Vivado/2020.1/data/ip/xpm/xpm_memory/tcl/xpm_memory_xdc.tcl] for cell 'design_1_i/axi_smc_1/inst/s00_nodes/s00_r_node/inst/inst_mi_handler/gen_normal_area.inst_fifo_node_payld/gen_xpm_memory_fifo.inst_fifo/gen_mem_rep[0].inst_xpm_memory'
Finished Sourcing Tcl File [C:/Xilinx/Vivado/2020.1/data/ip/xpm/xpm_memory/tcl/xpm_memory_xdc.tcl] for cell 'design_1_i/axi_smc_1/inst/s00_nodes/s00_r_node/inst/inst_mi_handler/gen_normal_area.inst_fifo_node_payld/gen_xpm_memory_fifo.inst_fifo/gen_mem_rep[0].inst_xpm_memory'
Sourcing Tcl File [C:/Xilinx/Vivado/2020.1/data/ip/xpm/xpm_memory/tcl/xpm_memory_xdc.tcl] for cell 'design_1_i/axi_smc/inst/s00_nodes/s00_r_node/inst/inst_mi_handler/gen_normal_area.inst_fifo_node_payld/gen_xpm_memory_fifo.inst_fifo/gen_mem_rep[0].inst_xpm_memory'
Finished Sourcing Tcl File [C:/Xilinx/Vivado/2020.1/data/ip/xpm/xpm_memory/tcl/xpm_memory_xdc.tcl] for cell 'design_1_i/axi_smc/inst/s00_nodes/s00_r_node/inst/inst_mi_handler/gen_normal_area.inst_fifo_node_payld/gen_xpm_memory_fifo.inst_fifo/gen_mem_rep[0].inst_xpm_memory'
Sourcing Tcl File [C:/Xilinx/Vivado/2020.1/data/ip/xpm/xpm_memory/tcl/xpm_memory_xdc.tcl] for cell 'design_1_i/axi_smc_1/inst/s00_nodes/s00_w_node/inst/inst_mi_handler/gen_normal_area.inst_fifo_node_payld/gen_xpm_memory_fifo.inst_fifo/gen_mem_rep[0].inst_xpm_memory'
Finished Sourcing Tcl File [C:/Xilinx/Vivado/2020.1/data/ip/xpm/xpm_memory/tcl/xpm_memory_xdc.tcl] for cell 'design_1_i/axi_smc_1/inst/s00_nodes/s00_w_node/inst/inst_mi_handler/gen_normal_area.inst_fifo_node_payld/gen_xpm_memory_fifo.inst_fifo/gen_mem_rep[0].inst_xpm_memory'
Sourcing Tcl File [C:/Xilinx/Vivado/2020.1/data/ip/xpm/xpm_memory/tcl/xpm_memory_xdc.tcl] for cell 'design_1_i/axi_smc/inst/s00_nodes/s00_w_node/inst/inst_mi_handler/gen_normal_area.inst_fifo_node_payld/gen_xpm_memory_fifo.inst_fifo/gen_mem_rep[0].inst_xpm_memory'
Finished Sourcing Tcl File [C:/Xilinx/Vivado/2020.1/data/ip/xpm/xpm_memory/tcl/xpm_memory_xdc.tcl] for cell 'design_1_i/axi_smc/inst/s00_nodes/s00_w_node/inst/inst_mi_handler/gen_normal_area.inst_fifo_node_payld/gen_xpm_memory_fifo.inst_fifo/gen_mem_rep[0].inst_xpm_memory'
Sourcing Tcl File [C:/Xilinx/Vivado/2020.1/data/ip/xpm/xpm_memory/tcl/xpm_memory_xdc.tcl] for cell 'design_1_i/axi_smc_1/inst/s00_nodes/s00_ar_node/inst/inst_mi_handler/gen_normal_area.inst_fifo_node_payld/gen_xpm_memory_fifo.inst_fifo/gen_mem_rep[0].inst_xpm_memory'
Finished Sourcing Tcl File [C:/Xilinx/Vivado/2020.1/data/ip/xpm/xpm_memory/tcl/xpm_memory_xdc.tcl] for cell 'design_1_i/axi_smc_1/inst/s00_nodes/s00_ar_node/inst/inst_mi_handler/gen_normal_area.inst_fifo_node_payld/gen_xpm_memory_fifo.inst_fifo/gen_mem_rep[0].inst_xpm_memory'
Sourcing Tcl File [C:/Xilinx/Vivado/2020.1/data/ip/xpm/xpm_memory/tcl/xpm_memory_xdc.tcl] for cell 'design_1_i/axi_smc_1/inst/s00_nodes/s00_aw_node/inst/inst_mi_handler/gen_normal_area.inst_fifo_node_payld/gen_xpm_memory_fifo.inst_fifo/gen_mem_rep[0].inst_xpm_memory'
Finished Sourcing Tcl File [C:/Xilinx/Vivado/2020.1/data/ip/xpm/xpm_memory/tcl/xpm_memory_xdc.tcl] for cell 'design_1_i/axi_smc_1/inst/s00_nodes/s00_aw_node/inst/inst_mi_handler/gen_normal_area.inst_fifo_node_payld/gen_xpm_memory_fifo.inst_fifo/gen_mem_rep[0].inst_xpm_memory'
Sourcing Tcl File [C:/Xilinx/Vivado/2020.1/data/ip/xpm/xpm_memory/tcl/xpm_memory_xdc.tcl] for cell 'design_1_i/axi_traffic_gen_1/inst/ATG_MODE_AXI_BASIC_FULL.basic_n_full_top/ATG_PARARAM_INST_YES.paramram_blk/PARAMRAM_ON_1.paramram/ram0/MEM_INFER_BLK_MEM.inst/proc_bmg/xpm_mem.xpm_tdpram_mem.xpm_memory_tdpram_inst'
Finished Sourcing Tcl File [C:/Xilinx/Vivado/2020.1/data/ip/xpm/xpm_memory/tcl/xpm_memory_xdc.tcl] for cell 'design_1_i/axi_traffic_gen_1/inst/ATG_MODE_AXI_BASIC_FULL.basic_n_full_top/ATG_PARARAM_INST_YES.paramram_blk/PARAMRAM_ON_1.paramram/ram0/MEM_INFER_BLK_MEM.inst/proc_bmg/xpm_mem.xpm_tdpram_mem.xpm_memory_tdpram_inst'
Sourcing Tcl File [C:/Xilinx/Vivado/2020.1/data/ip/xpm/xpm_memory/tcl/xpm_memory_xdc.tcl] for cell 'design_1_i/axi_traffic_gen_1/inst/ATG_MODE_AXI_BASIC_FULL.basic_n_full_top/cmd_blk/Cmdram/cmd_ram0_3/MEM_INFER_BLK_MEM.inst/proc_bmg/xpm_mem.xpm_tdpram_mem.xpm_memory_tdpram_inst'
Finished Sourcing Tcl File [C:/Xilinx/Vivado/2020.1/data/ip/xpm/xpm_memory/tcl/xpm_memory_xdc.tcl] for cell 'design_1_i/axi_traffic_gen_1/inst/ATG_MODE_AXI_BASIC_FULL.basic_n_full_top/cmd_blk/Cmdram/cmd_ram0_3/MEM_INFER_BLK_MEM.inst/proc_bmg/xpm_mem.xpm_tdpram_mem.xpm_memory_tdpram_inst'
Sourcing Tcl File [C:/Xilinx/Vivado/2020.1/data/ip/xpm/xpm_memory/tcl/xpm_memory_xdc.tcl] for cell 'design_1_i/axi_traffic_gen_1/inst/ATG_MODE_AXI_BASIC_FULL.basic_n_full_top/sharedram_blk/sharedram/ram0/MEM_INFER_BLK_MEM.inst/proc_bmg/xpm_mem.xpm_tdpram_mem.xpm_memory_tdpram_inst'
Finished Sourcing Tcl File [C:/Xilinx/Vivado/2020.1/data/ip/xpm/xpm_memory/tcl/xpm_memory_xdc.tcl] for cell 'design_1_i/axi_traffic_gen_1/inst/ATG_MODE_AXI_BASIC_FULL.basic_n_full_top/sharedram_blk/sharedram/ram0/MEM_INFER_BLK_MEM.inst/proc_bmg/xpm_mem.xpm_tdpram_mem.xpm_memory_tdpram_inst'
INFO: [Opt 31-138] Pushed 0 inverter(s) to 0 load pin(s).
Netlist sorting complete. Time (s): cpu = 00:00:00 ; elapsed = 00:00:00.017 . Memory (MB): peak = 1050.211 ; gain = 0.000
INFO: [Project 1-111] Unisim Transformation Summary:
  A total of 597 instances were transformed.
  CFGLUT5 => CFGLUT5 (SRL16E, SRLC32E): 60 instances
  RAM16X1S => RAM32X1S (RAMS32): 116 instances
  RAM32M => RAM32M (RAMD32(x6), RAMS32(x2)): 305 instances
  RAM64X1S => RAM64X1S (RAMS64E): 116 instances

10 Infos, 6 Warnings, 0 Critical Warnings and 0 Errors encountered.
link_design completed successfully
link_design: Time (s): cpu = 00:00:17 ; elapsed = 00:00:23 . Memory (MB): peak = 1050.211 ; gain = 0.000
Command: opt_design
Attempting to get a license for feature 'Implementation' and/or device 'xc7z010'
INFO: [Common 17-349] Got license for feature 'Implementation' and/or device 'xc7z010'
Running DRC as a precondition to command opt_design

Starting DRC Task
INFO: [DRC 23-27] Running DRC with 2 threads
INFO: [Project 1-461] DRC finished with 0 Errors
INFO: [Project 1-462] Please refer to the DRC report (report_drc) for more information.

Time (s): cpu = 00:00:03 ; elapsed = 00:00:02 . Memory (MB): peak = 1050.211 ; gain = 0.000

Starting Cache Timing Information Task
INFO: [Timing 38-35] Done setting XDC timing constraints.
Ending Cache Timing Information Task | Checksum: d3c8fe1b

Time (s): cpu = 00:00:14 ; elapsed = 00:00:16 . Memory (MB): peak = 1523.559 ; gain = 473.348

Starting Logic Optimization Task

Phase 1 Generate And Synthesize Debug Cores
INFO: [Chipscope 16-329] Generating Script for core instance : dbg_hub 
ERROR: [Chipscope 16-302] Could not generate core for dbg_hub. Aborting IP Generation operaion. The current Vivado temporary directory path, 'C:/Users/fuent/Desktop/Sep-repository/Sep-repository/Proyecto_1/Proyecto_1_FINAL/Proyecto_1_FINAL/Proyecto_1_FINAL.runs/impl_1/.Xil/Vivado-12076-Armando', is 152 characters. Errors on the host OS will occur when trying to insert logic for debug core 'dbg_hub' when temporary directory paths exceed 146 characters. Please move this Vivado project or the Vivado working directory to a shorter path; alternately consider using the OS subst command to map part of the path to a drive letter.
  
	
Phase 1 Generate And Synthesize Debug Cores | Checksum: d3c8fe1b

Time (s): cpu = 00:00:00 ; elapsed = 00:00:00.032 . Memory (MB): peak = 1751.855 ; gain = 24.832
INFO: [Common 17-83] Releasing license: Implementation
17 Infos, 6 Warnings, 0 Critical Warnings and 2 Errors encountered.
opt_design failed
ERROR: [Chipscope 16-338] Implementing debug Cores failed due to earlier errors
INFO: [Common 17-206] Exiting Vivado at Thu Oct 16 21:35:00 2025...
