Copyright 1986-2020 Xilinx, Inc. All Rights Reserved.
------------------------------------------------------------------------------------
| Tool Version : Vivado v.2020.1 (win64) Build 2902540 Wed May 27 19:54:49 MDT 2020
| Date         : Sat Sep 20 17:44:49 2025
| Host         : DESKTOP-7OBFH0V running 64-bit major release  (build 9200)
| Command      : upgrade_ip
| Device       : xc7z010clg400-1
------------------------------------------------------------------------------------

Upgrade Log for IP 'design_1_rgb_rainbow_compact_0_0'

1. Summary
----------

SUCCESS in the upgrade of design_1_rgb_rainbow_compact_0_0 (xilinx.com:user:rgb_rainbow_compact:1.0) from (Rev. 2) to (Rev. 3)






Copyright 1986-2020 Xilinx, Inc. All Rights Reserved.
------------------------------------------------------------------------------------
| Tool Version : Vivado v.2020.1 (win64) Build 2902540 Wed May 27 19:54:49 MDT 2020
| Date         : Sat Sep 20 16:10:30 2025
| Host         : DESKTOP-7OBFH0V running 64-bit major release  (build 9200)
| Command      : upgrade_ip
| Device       : xc7z010clg400-1
------------------------------------------------------------------------------------

Upgrade Log for IP 'design_1_rgb_rainbow_0_0'

1. Summary
----------

SUCCESS in the upgrade of design_1_rgb_rainbow_0_0 (xilinx.com:user:rgb_rainbow:1.0) from (Rev. 3) to (Rev. 4)






Copyright 1986-2020 Xilinx, Inc. All Rights Reserved.
------------------------------------------------------------------------------------
| Tool Version : Vivado v.2020.1 (win64) Build 2902540 Wed May 27 19:54:49 MDT 2020
| Date         : Sat Sep 20 13:45:06 2025
| Host         : DESKTOP-7OBFH0V running 64-bit major release  (build 9200)
| Command      : upgrade_ip
| Device       : xc7z010clg400-1
------------------------------------------------------------------------------------

Upgrade Log for IP 'design_1_rgb_rainbow_0_0'

1. Summary
----------

SUCCESS in the upgrade of design_1_rgb_rainbow_0_0 (xilinx.com:user:rgb_rainbow:1.0) from (Rev. 2) to (Rev. 3)

